18:02:31 **** Incremental Build of configuration Debug for project Exercise3_MC2 ****
make all 
Building file: ../MC2.c
Invoking: AVR Compiler
avr-gcc -Wall -g2 -gstabs -O0 -fpack-struct -fshort-enums -ffunction-sections -fdata-sections -std=gnu99 -funsigned-char -funsigned-bitfields -mmcu=atmega16 -DF_CPU=1000000UL -MMD -MP -MF"MC2.d" -MT"MC2.o" -c -o "MC2.o" "../MC2.c"
In file included from ../micro_config.h:22,
                 from ../uart.h:16,
                 from ../MC2.c:8:
c:/winavr-20100110/lib/gcc/../../avr/include/util/delay.h:90:3: warning: #warning "Compiler optimizations disabled; functions from <util/delay.h> won't work as designed"
../MC2.c: In function 'main':
../MC2.c:20: warning: pointer targets in passing argument 1 of 'LCD_displayString' differ in signedness
../MC2.c:26: warning: pointer targets in passing argument 1 of 'LCD_displayString' differ in signedness
Finished building: ../MC2.c
 
Building target: Exercise3_MC2.elf
Invoking: AVR C Linker
avr-gcc -Wl,-Map,Exercise3_MC2.map -mmcu=atmega16 -o "Exercise3_MC2.elf"  ./MC2.o ./lcd.o ./uart.o   
Finished building target: Exercise3_MC2.elf
 
Invoking: AVR Create Extended Listing
avr-objdump -h -S Exercise3_MC2.elf  >"Exercise3_MC2.lss"
Finished building: Exercise3_MC2.lss
 
Invoking: Print Size
avr-size --format=avr --mcu=atmega16 Exercise3_MC2.elf
AVR Memory Usage
----------------
Device: atmega16

Program:    6728 bytes (41.1% Full)
(.text + .data + .bootloader)

Data:         14 bytes (1.4% Full)
(.data + .bss + .noinit)


Finished building: sizedummy
 

18:02:34 Build Finished. 0 errors, 3 warnings. (took 2s.792ms)

