17:57:09 **** Build of configuration Debug for project Exercise2 ****
make all 
Building file: ../Exercise2.c
Invoking: AVR Compiler
avr-gcc -Wall -g2 -gstabs -O0 -fpack-struct -fshort-enums -ffunction-sections -fdata-sections -std=gnu99 -funsigned-char -funsigned-bitfields -mmcu=atmega16 -DF_CPU=1000000UL -MMD -MP -MF"Exercise2.d" -MT"Exercise2.o" -c -o "Exercise2.o" "../Exercise2.c"
In file included from ../micro_config.h:22,
                 from ../lcd.h:18,
                 from ../Exercise2.c:8:
c:/winavr-20100110/lib/gcc/../../avr/include/util/delay.h:90:3: warning: #warning "Compiler optimizations disabled; functions from <util/delay.h> won't work as designed"
../Exercise2.c: In function 'main':
../Exercise2.c:15: warning: passing argument 1 of 'LCD_displayString' from incompatible pointer type
../Exercise2.c:22:19: warning: "/*" within comment
../Exercise2.c:24:23: warning: "/*" within comment
../Exercise2.c:31:3: warning: "/*" within comment
../Exercise2.c:33:3: warning: "/*" within comment
Finished building: ../Exercise2.c
 
Building file: ../lcd.c
Invoking: AVR Compiler
avr-gcc -Wall -g2 -gstabs -O0 -fpack-struct -fshort-enums -ffunction-sections -fdata-sections -std=gnu99 -funsigned-char -funsigned-bitfields -mmcu=atmega16 -DF_CPU=1000000UL -MMD -MP -MF"lcd.d" -MT"lcd.o" -c -o "lcd.o" "../lcd.c"
In file included from ../micro_config.h:22,
                 from ../lcd.h:18,
                 from ../lcd.c:13:
c:/winavr-20100110/lib/gcc/../../avr/include/util/delay.h:90:3: warning: #warning "Compiler optimizations disabled; functions from <util/delay.h> won't work as designed"
../lcd.c: In function 'LCD_intgerToString':
../lcd.c:108: warning: implicit declaration of function 'itoa'
Finished building: ../lcd.c
 
Building target: Exercise2.elf
Invoking: AVR C Linker
avr-gcc -Wl,-Map,Exercise2.map -mmcu=atmega16 -o "Exercise2.elf"  ./Exercise2.o ./lcd.o   
Finished building target: Exercise2.elf
 
Invoking: AVR Create Extended Listing
avr-objdump -h -S Exercise2.elf  >"Exercise2.lss"
Finished building: Exercise2.lss
 
Invoking: Print Size
avr-size --format=avr --mcu=atmega16 Exercise2.elf
AVR Memory Usage
----------------
Device: atmega16

Program:    5926 bytes (36.2% Full)
(.text + .data + .bootloader)

Data:         18 bytes (1.8% Full)
(.data + .bss + .noinit)


Finished building: sizedummy
 

17:57:12 Build Finished. 0 errors, 8 warnings. (took 3s.323ms)

